<?xml version="1.0" encoding="UTF-8"?>
<!-- Generated by org.testng.reporters.JUnitXMLReporter -->
<testsuite ignored="2" hostname="vkzoomin996" failures="0" tests="5" name="TestRunner-1" time="7.24" errors="0" timestamp="2023-10-10T11:56:44 IST">
  <testcase classname="com.Sms.GenericUtility.BaseClass" name="@BeforeClass config_BC" time="3.92">
    <failure type="org.openqa.selenium.SessionNotCreatedException" message="session not created: This version of ChromeDriver only supports Chrome version 114
Current browser version is 117.0.5938.150 with binary path C:\Program Files\Google\Chrome\Application\chrome.exe
Build info: version: &amp;apos;3.141.59&amp;apos;, revision: &amp;apos;e82be7d358&amp;apos;, time: &amp;apos;2018-11-14T08:17:03&amp;apos;
System info: host: &amp;apos;VKZOOMIN996&amp;apos;, ip: &amp;apos;192.168.194.79&amp;apos;, os.name: &amp;apos;Windows 11&amp;apos;, os.arch: &amp;apos;amd64&amp;apos;, os.version: &amp;apos;10.0&amp;apos;, java.version: &amp;apos;11.0.17&amp;apos;
Driver info: driver.version: ChromeDriver
remote stacktrace: Backtrace:
	GetHandleVerifier [0x0027A813+48355]
	(No symbol) [0x0020C4B1]
	(No symbol) [0x00115358]
	(No symbol) [0x001361AC]
	(No symbol) [0x00131EF3]
	(No symbol) [0x00130579]
	(No symbol) [0x00160C55]
	(No symbol) [0x0016093C]
	(No symbol) [0x0015A536]
	(No symbol) [0x001382DC]
	(No symbol) [0x001393DD]
	GetHandleVerifier [0x004DAABD+2539405]
	GetHandleVerifier [0x0051A78F+2800735]
	GetHandleVerifier [0x0051456C+2775612]
	GetHandleVerifier [0x003051E0+616112]
	(No symbol) [0x00215F8C]
	(No symbol) [0x00212328]
	(No symbol) [0x0021240B]
	(No symbol) [0x00204FF7]
	BaseThreadInitThunk [0x76346839+25]
	RtlGetFullPathName_UEx [0x76F28F0F+1215]
	RtlGetFullPathName_UEx [0x76F28EDD+1165]
	(No symbol) [0x00000000]
">
      <![CDATA[org.openqa.selenium.SessionNotCreatedException: session not created: This version of ChromeDriver only supports Chrome version 114
Current browser version is 117.0.5938.150 with binary path C:\Program Files\Google\Chrome\Application\chrome.exe
Build info: version: '3.141.59', revision: 'e82be7d358', time: '2018-11-14T08:17:03'
System info: host: 'VKZOOMIN996', ip: '192.168.194.79', os.name: 'Windows 11', os.arch: 'amd64', os.version: '10.0', java.version: '11.0.17'
Driver info: driver.version: ChromeDriver
remote stacktrace: Backtrace:
GetHandleVerifier [0x0027A813+48355]
(No symbol) [0x0020C4B1]
(No symbol) [0x00115358]
(No symbol) [0x001361AC]
(No symbol) [0x00131EF3]
(No symbol) [0x00130579]
(No symbol) [0x00160C55]
(No symbol) [0x0016093C]
(No symbol) [0x0015A536]
(No symbol) [0x001382DC]
(No symbol) [0x001393DD]
GetHandleVerifier [0x004DAABD+2539405]
GetHandleVerifier [0x0051A78F+2800735]
GetHandleVerifier [0x0051456C+2775612]
GetHandleVerifier [0x003051E0+616112]
(No symbol) [0x00215F8C]
(No symbol) [0x00212328]
(No symbol) [0x0021240B]
(No symbol) [0x00204FF7]
BaseThreadInitThunk [0x76346839+25]
RtlGetFullPathName_UEx [0x76F28F0F+1215]
RtlGetFullPathName_UEx [0x76F28EDD+1165]
(No symbol) [0x00000000]

at org.openqa.selenium.remote.W3CHandshakeResponse.lambda$errorHandler$0(W3CHandshakeResponse.java:62)
at org.openqa.selenium.remote.HandshakeResponse.lambda$getResponseFunction$0(HandshakeResponse.java:30)
at org.openqa.selenium.remote.ProtocolHandshake.lambda$createSession$0(ProtocolHandshake.java:126)
at java.base/java.util.stream.ReferencePipeline$3$1.accept(ReferencePipeline.java:195)
at java.base/java.util.Spliterators$ArraySpliterator.tryAdvance(Spliterators.java:958)
at java.base/java.util.stream.ReferencePipeline.forEachWithCancel(ReferencePipeline.java:127)
at java.base/java.util.stream.AbstractPipeline.copyIntoWithCancel(AbstractPipeline.java:502)
at java.base/java.util.stream.AbstractPipeline.copyInto(AbstractPipeline.java:488)
at java.base/java.util.stream.AbstractPipeline.wrapAndCopyInto(AbstractPipeline.java:474)
at java.base/java.util.stream.FindOps$FindOp.evaluateSequential(FindOps.java:150)
at java.base/java.util.stream.AbstractPipeline.evaluate(AbstractPipeline.java:234)
at java.base/java.util.stream.ReferencePipeline.findFirst(ReferencePipeline.java:543)
at org.openqa.selenium.remote.ProtocolHandshake.createSession(ProtocolHandshake.java:128)
at org.openqa.selenium.remote.ProtocolHandshake.createSession(ProtocolHandshake.java:74)
at org.openqa.selenium.remote.HttpCommandExecutor.execute(HttpCommandExecutor.java:136)
at org.openqa.selenium.remote.service.DriverCommandExecutor.execute(DriverCommandExecutor.java:83)
at org.openqa.selenium.remote.RemoteWebDriver.execute(RemoteWebDriver.java:552)
at org.openqa.selenium.remote.RemoteWebDriver.startSession(RemoteWebDriver.java:213)
at org.openqa.selenium.remote.RemoteWebDriver.<init>(RemoteWebDriver.java:131)
at org.openqa.selenium.chrome.ChromeDriver.<init>(ChromeDriver.java:181)
at org.openqa.selenium.chrome.ChromeDriver.<init>(ChromeDriver.java:168)
at org.openqa.selenium.chrome.ChromeDriver.<init>(ChromeDriver.java:123)
at com.Sms.GenericUtility.BaseClass.config_BC(BaseClass.java:44)
at java.base/java.util.ArrayList.forEach(ArrayList.java:1541)
at java.base/java.util.concurrent.FutureTask.run(FutureTask.java:264)
at java.base/java.util.concurrent.ThreadPoolExecutor.runWorker(ThreadPoolExecutor.java:1128)
at java.base/java.util.concurrent.ThreadPoolExecutor$Worker.run(ThreadPoolExecutor.java:628)
at java.base/java.lang.Thread.run(Thread.java:834)
... Removed 20 stack frames]]>
    </failure>
  </testcase> <!-- @BeforeClass config_BC -->
  <testcase classname="com.Sms.GenericUtility.BaseClass" name="@BeforeClass config_BC" time="3.92">
    <failure type="org.openqa.selenium.SessionNotCreatedException" message="session not created: This version of ChromeDriver only supports Chrome version 114
Current browser version is 117.0.5938.150 with binary path C:\Program Files\Google\Chrome\Application\chrome.exe
Build info: version: &amp;apos;3.141.59&amp;apos;, revision: &amp;apos;e82be7d358&amp;apos;, time: &amp;apos;2018-11-14T08:17:03&amp;apos;
System info: host: &amp;apos;VKZOOMIN996&amp;apos;, ip: &amp;apos;192.168.194.79&amp;apos;, os.name: &amp;apos;Windows 11&amp;apos;, os.arch: &amp;apos;amd64&amp;apos;, os.version: &amp;apos;10.0&amp;apos;, java.version: &amp;apos;11.0.17&amp;apos;
Driver info: driver.version: ChromeDriver
remote stacktrace: Backtrace:
	GetHandleVerifier [0x0027A813+48355]
	(No symbol) [0x0020C4B1]
	(No symbol) [0x00115358]
	(No symbol) [0x001361AC]
	(No symbol) [0x00131EF3]
	(No symbol) [0x00130579]
	(No symbol) [0x00160C55]
	(No symbol) [0x0016093C]
	(No symbol) [0x0015A536]
	(No symbol) [0x001382DC]
	(No symbol) [0x001393DD]
	GetHandleVerifier [0x004DAABD+2539405]
	GetHandleVerifier [0x0051A78F+2800735]
	GetHandleVerifier [0x0051456C+2775612]
	GetHandleVerifier [0x003051E0+616112]
	(No symbol) [0x00215F8C]
	(No symbol) [0x00212328]
	(No symbol) [0x0021240B]
	(No symbol) [0x00204FF7]
	BaseThreadInitThunk [0x76346839+25]
	RtlGetFullPathName_UEx [0x76F28F0F+1215]
	RtlGetFullPathName_UEx [0x76F28EDD+1165]
	(No symbol) [0x00000000]
">
      <![CDATA[org.openqa.selenium.SessionNotCreatedException: session not created: This version of ChromeDriver only supports Chrome version 114
Current browser version is 117.0.5938.150 with binary path C:\Program Files\Google\Chrome\Application\chrome.exe
Build info: version: '3.141.59', revision: 'e82be7d358', time: '2018-11-14T08:17:03'
System info: host: 'VKZOOMIN996', ip: '192.168.194.79', os.name: 'Windows 11', os.arch: 'amd64', os.version: '10.0', java.version: '11.0.17'
Driver info: driver.version: ChromeDriver
remote stacktrace: Backtrace:
GetHandleVerifier [0x0027A813+48355]
(No symbol) [0x0020C4B1]
(No symbol) [0x00115358]
(No symbol) [0x001361AC]
(No symbol) [0x00131EF3]
(No symbol) [0x00130579]
(No symbol) [0x00160C55]
(No symbol) [0x0016093C]
(No symbol) [0x0015A536]
(No symbol) [0x001382DC]
(No symbol) [0x001393DD]
GetHandleVerifier [0x004DAABD+2539405]
GetHandleVerifier [0x0051A78F+2800735]
GetHandleVerifier [0x0051456C+2775612]
GetHandleVerifier [0x003051E0+616112]
(No symbol) [0x00215F8C]
(No symbol) [0x00212328]
(No symbol) [0x0021240B]
(No symbol) [0x00204FF7]
BaseThreadInitThunk [0x76346839+25]
RtlGetFullPathName_UEx [0x76F28F0F+1215]
RtlGetFullPathName_UEx [0x76F28EDD+1165]
(No symbol) [0x00000000]

at org.openqa.selenium.remote.W3CHandshakeResponse.lambda$errorHandler$0(W3CHandshakeResponse.java:62)
at org.openqa.selenium.remote.HandshakeResponse.lambda$getResponseFunction$0(HandshakeResponse.java:30)
at org.openqa.selenium.remote.ProtocolHandshake.lambda$createSession$0(ProtocolHandshake.java:126)
at java.base/java.util.stream.ReferencePipeline$3$1.accept(ReferencePipeline.java:195)
at java.base/java.util.Spliterators$ArraySpliterator.tryAdvance(Spliterators.java:958)
at java.base/java.util.stream.ReferencePipeline.forEachWithCancel(ReferencePipeline.java:127)
at java.base/java.util.stream.AbstractPipeline.copyIntoWithCancel(AbstractPipeline.java:502)
at java.base/java.util.stream.AbstractPipeline.copyInto(AbstractPipeline.java:488)
at java.base/java.util.stream.AbstractPipeline.wrapAndCopyInto(AbstractPipeline.java:474)
at java.base/java.util.stream.FindOps$FindOp.evaluateSequential(FindOps.java:150)
at java.base/java.util.stream.AbstractPipeline.evaluate(AbstractPipeline.java:234)
at java.base/java.util.stream.ReferencePipeline.findFirst(ReferencePipeline.java:543)
at org.openqa.selenium.remote.ProtocolHandshake.createSession(ProtocolHandshake.java:128)
at org.openqa.selenium.remote.ProtocolHandshake.createSession(ProtocolHandshake.java:74)
at org.openqa.selenium.remote.HttpCommandExecutor.execute(HttpCommandExecutor.java:136)
at org.openqa.selenium.remote.service.DriverCommandExecutor.execute(DriverCommandExecutor.java:83)
at org.openqa.selenium.remote.RemoteWebDriver.execute(RemoteWebDriver.java:552)
at org.openqa.selenium.remote.RemoteWebDriver.startSession(RemoteWebDriver.java:213)
at org.openqa.selenium.remote.RemoteWebDriver.<init>(RemoteWebDriver.java:131)
at org.openqa.selenium.chrome.ChromeDriver.<init>(ChromeDriver.java:181)
at org.openqa.selenium.chrome.ChromeDriver.<init>(ChromeDriver.java:168)
at org.openqa.selenium.chrome.ChromeDriver.<init>(ChromeDriver.java:123)
at com.Sms.GenericUtility.BaseClass.config_BC(BaseClass.java:44)
at java.base/java.util.ArrayList.forEach(ArrayList.java:1541)
at java.base/java.util.concurrent.FutureTask.run(FutureTask.java:264)
at java.base/java.util.concurrent.ThreadPoolExecutor.runWorker(ThreadPoolExecutor.java:1128)
at java.base/java.util.concurrent.ThreadPoolExecutor$Worker.run(ThreadPoolExecutor.java:628)
at java.base/java.lang.Thread.run(Thread.java:834)
... Removed 20 stack frames]]>
    </failure>
  </testcase> <!-- @BeforeClass config_BC -->
  <testcase classname="com.Sms.GenericUtility.BaseClass" name="@AfterClass config_AC" time="0.0">
    <failure type="java.lang.NullPointerException">
      <![CDATA[java.lang.NullPointerException
at com.Sms.GenericUtility.BaseClass.config_AC(BaseClass.java:78)
at java.base/java.util.ArrayList.forEach(ArrayList.java:1541)
at java.base/java.util.concurrent.FutureTask.run(FutureTask.java:264)
at java.base/java.util.concurrent.ThreadPoolExecutor.runWorker(ThreadPoolExecutor.java:1128)
at java.base/java.util.concurrent.ThreadPoolExecutor$Worker.run(ThreadPoolExecutor.java:628)
at java.base/java.lang.Thread.run(Thread.java:834)
... Removed 16 stack frames]]>
    </failure>
  </testcase> <!-- @AfterClass config_AC -->
  <testcase classname="com.Sms.GenericUtility.BaseClass" name="@AfterClass config_AC" time="0.0">
    <failure type="java.lang.NullPointerException">
      <![CDATA[java.lang.NullPointerException
at com.Sms.GenericUtility.BaseClass.config_AC(BaseClass.java:78)
at java.base/java.util.ArrayList.forEach(ArrayList.java:1541)
at java.base/java.util.concurrent.FutureTask.run(FutureTask.java:264)
at java.base/java.util.concurrent.ThreadPoolExecutor.runWorker(ThreadPoolExecutor.java:1128)
at java.base/java.util.concurrent.ThreadPoolExecutor$Worker.run(ThreadPoolExecutor.java:628)
at java.base/java.lang.Thread.run(Thread.java:834)
... Removed 16 stack frames]]>
    </failure>
  </testcase> <!-- @AfterClass config_AC -->
  <testcase classname="com.Sms.GenericUtility.BaseClass" name="@BeforeClass config_BC" time="3.132">
    <failure type="org.openqa.selenium.SessionNotCreatedException" message="session not created: This version of ChromeDriver only supports Chrome version 114
Current browser version is 117.0.5938.150 with binary path C:\Program Files\Google\Chrome\Application\chrome.exe
Build info: version: &amp;apos;3.141.59&amp;apos;, revision: &amp;apos;e82be7d358&amp;apos;, time: &amp;apos;2018-11-14T08:17:03&amp;apos;
System info: host: &amp;apos;VKZOOMIN996&amp;apos;, ip: &amp;apos;192.168.194.79&amp;apos;, os.name: &amp;apos;Windows 11&amp;apos;, os.arch: &amp;apos;amd64&amp;apos;, os.version: &amp;apos;10.0&amp;apos;, java.version: &amp;apos;11.0.17&amp;apos;
Driver info: driver.version: ChromeDriver
remote stacktrace: Backtrace:
	GetHandleVerifier [0x0027A813+48355]
	(No symbol) [0x0020C4B1]
	(No symbol) [0x00115358]
	(No symbol) [0x001361AC]
	(No symbol) [0x00131EF3]
	(No symbol) [0x00130579]
	(No symbol) [0x00160C55]
	(No symbol) [0x0016093C]
	(No symbol) [0x0015A536]
	(No symbol) [0x001382DC]
	(No symbol) [0x001393DD]
	GetHandleVerifier [0x004DAABD+2539405]
	GetHandleVerifier [0x0051A78F+2800735]
	GetHandleVerifier [0x0051456C+2775612]
	GetHandleVerifier [0x003051E0+616112]
	(No symbol) [0x00215F8C]
	(No symbol) [0x00212328]
	(No symbol) [0x0021240B]
	(No symbol) [0x00204FF7]
	BaseThreadInitThunk [0x76346839+25]
	RtlGetFullPathName_UEx [0x76F28F0F+1215]
	RtlGetFullPathName_UEx [0x76F28EDD+1165]
	(No symbol) [0x00000000]
">
      <![CDATA[org.openqa.selenium.SessionNotCreatedException: session not created: This version of ChromeDriver only supports Chrome version 114
Current browser version is 117.0.5938.150 with binary path C:\Program Files\Google\Chrome\Application\chrome.exe
Build info: version: '3.141.59', revision: 'e82be7d358', time: '2018-11-14T08:17:03'
System info: host: 'VKZOOMIN996', ip: '192.168.194.79', os.name: 'Windows 11', os.arch: 'amd64', os.version: '10.0', java.version: '11.0.17'
Driver info: driver.version: ChromeDriver
remote stacktrace: Backtrace:
GetHandleVerifier [0x0027A813+48355]
(No symbol) [0x0020C4B1]
(No symbol) [0x00115358]
(No symbol) [0x001361AC]
(No symbol) [0x00131EF3]
(No symbol) [0x00130579]
(No symbol) [0x00160C55]
(No symbol) [0x0016093C]
(No symbol) [0x0015A536]
(No symbol) [0x001382DC]
(No symbol) [0x001393DD]
GetHandleVerifier [0x004DAABD+2539405]
GetHandleVerifier [0x0051A78F+2800735]
GetHandleVerifier [0x0051456C+2775612]
GetHandleVerifier [0x003051E0+616112]
(No symbol) [0x00215F8C]
(No symbol) [0x00212328]
(No symbol) [0x0021240B]
(No symbol) [0x00204FF7]
BaseThreadInitThunk [0x76346839+25]
RtlGetFullPathName_UEx [0x76F28F0F+1215]
RtlGetFullPathName_UEx [0x76F28EDD+1165]
(No symbol) [0x00000000]

at org.openqa.selenium.remote.W3CHandshakeResponse.lambda$errorHandler$0(W3CHandshakeResponse.java:62)
at org.openqa.selenium.remote.HandshakeResponse.lambda$getResponseFunction$0(HandshakeResponse.java:30)
at org.openqa.selenium.remote.ProtocolHandshake.lambda$createSession$0(ProtocolHandshake.java:126)
at java.base/java.util.stream.ReferencePipeline$3$1.accept(ReferencePipeline.java:195)
at java.base/java.util.Spliterators$ArraySpliterator.tryAdvance(Spliterators.java:958)
at java.base/java.util.stream.ReferencePipeline.forEachWithCancel(ReferencePipeline.java:127)
at java.base/java.util.stream.AbstractPipeline.copyIntoWithCancel(AbstractPipeline.java:502)
at java.base/java.util.stream.AbstractPipeline.copyInto(AbstractPipeline.java:488)
at java.base/java.util.stream.AbstractPipeline.wrapAndCopyInto(AbstractPipeline.java:474)
at java.base/java.util.stream.FindOps$FindOp.evaluateSequential(FindOps.java:150)
at java.base/java.util.stream.AbstractPipeline.evaluate(AbstractPipeline.java:234)
at java.base/java.util.stream.ReferencePipeline.findFirst(ReferencePipeline.java:543)
at org.openqa.selenium.remote.ProtocolHandshake.createSession(ProtocolHandshake.java:128)
at org.openqa.selenium.remote.ProtocolHandshake.createSession(ProtocolHandshake.java:74)
at org.openqa.selenium.remote.HttpCommandExecutor.execute(HttpCommandExecutor.java:136)
at org.openqa.selenium.remote.service.DriverCommandExecutor.execute(DriverCommandExecutor.java:83)
at org.openqa.selenium.remote.RemoteWebDriver.execute(RemoteWebDriver.java:552)
at org.openqa.selenium.remote.RemoteWebDriver.startSession(RemoteWebDriver.java:213)
at org.openqa.selenium.remote.RemoteWebDriver.<init>(RemoteWebDriver.java:131)
at org.openqa.selenium.chrome.ChromeDriver.<init>(ChromeDriver.java:181)
at org.openqa.selenium.chrome.ChromeDriver.<init>(ChromeDriver.java:168)
at org.openqa.selenium.chrome.ChromeDriver.<init>(ChromeDriver.java:123)
at com.Sms.GenericUtility.BaseClass.config_BC(BaseClass.java:44)
at java.base/java.util.ArrayList.forEach(ArrayList.java:1541)
at java.base/java.util.concurrent.FutureTask.run(FutureTask.java:264)
at java.base/java.util.concurrent.ThreadPoolExecutor.runWorker(ThreadPoolExecutor.java:1128)
at java.base/java.util.concurrent.ThreadPoolExecutor$Worker.run(ThreadPoolExecutor.java:628)
at java.base/java.lang.Thread.run(Thread.java:834)
... Removed 20 stack frames]]>
    </failure>
  </testcase> <!-- @BeforeClass config_BC -->
  <testcase classname="com.Sms.GenericUtility.BaseClass" name="@AfterClass config_AC" time="0.0">
    <failure type="java.lang.NullPointerException">
      <![CDATA[java.lang.NullPointerException
at com.Sms.GenericUtility.BaseClass.config_AC(BaseClass.java:78)
at java.base/java.util.ArrayList.forEach(ArrayList.java:1541)
at java.base/java.util.concurrent.FutureTask.run(FutureTask.java:264)
at java.base/java.util.concurrent.ThreadPoolExecutor.runWorker(ThreadPoolExecutor.java:1128)
at java.base/java.util.concurrent.ThreadPoolExecutor$Worker.run(ThreadPoolExecutor.java:628)
at java.base/java.lang.Thread.run(Thread.java:834)
... Removed 16 stack frames]]>
    </failure>
  </testcase> <!-- @AfterClass config_AC -->
  <testcase classname="com.Sms.GenericUtility.BaseClass" name="@BeforeClass config_BC" time="3.267">
    <failure type="org.openqa.selenium.SessionNotCreatedException" message="session not created: This version of ChromeDriver only supports Chrome version 114
Current browser version is 117.0.5938.150 with binary path C:\Program Files\Google\Chrome\Application\chrome.exe
Build info: version: &amp;apos;3.141.59&amp;apos;, revision: &amp;apos;e82be7d358&amp;apos;, time: &amp;apos;2018-11-14T08:17:03&amp;apos;
System info: host: &amp;apos;VKZOOMIN996&amp;apos;, ip: &amp;apos;192.168.194.79&amp;apos;, os.name: &amp;apos;Windows 11&amp;apos;, os.arch: &amp;apos;amd64&amp;apos;, os.version: &amp;apos;10.0&amp;apos;, java.version: &amp;apos;11.0.17&amp;apos;
Driver info: driver.version: ChromeDriver
remote stacktrace: Backtrace:
	GetHandleVerifier [0x0027A813+48355]
	(No symbol) [0x0020C4B1]
	(No symbol) [0x00115358]
	(No symbol) [0x001361AC]
	(No symbol) [0x00131EF3]
	(No symbol) [0x00130579]
	(No symbol) [0x00160C55]
	(No symbol) [0x0016093C]
	(No symbol) [0x0015A536]
	(No symbol) [0x001382DC]
	(No symbol) [0x001393DD]
	GetHandleVerifier [0x004DAABD+2539405]
	GetHandleVerifier [0x0051A78F+2800735]
	GetHandleVerifier [0x0051456C+2775612]
	GetHandleVerifier [0x003051E0+616112]
	(No symbol) [0x00215F8C]
	(No symbol) [0x00212328]
	(No symbol) [0x0021240B]
	(No symbol) [0x00204FF7]
	BaseThreadInitThunk [0x76346839+25]
	RtlGetFullPathName_UEx [0x76F28F0F+1215]
	RtlGetFullPathName_UEx [0x76F28EDD+1165]
	(No symbol) [0x00000000]
">
      <![CDATA[org.openqa.selenium.SessionNotCreatedException: session not created: This version of ChromeDriver only supports Chrome version 114
Current browser version is 117.0.5938.150 with binary path C:\Program Files\Google\Chrome\Application\chrome.exe
Build info: version: '3.141.59', revision: 'e82be7d358', time: '2018-11-14T08:17:03'
System info: host: 'VKZOOMIN996', ip: '192.168.194.79', os.name: 'Windows 11', os.arch: 'amd64', os.version: '10.0', java.version: '11.0.17'
Driver info: driver.version: ChromeDriver
remote stacktrace: Backtrace:
GetHandleVerifier [0x0027A813+48355]
(No symbol) [0x0020C4B1]
(No symbol) [0x00115358]
(No symbol) [0x001361AC]
(No symbol) [0x00131EF3]
(No symbol) [0x00130579]
(No symbol) [0x00160C55]
(No symbol) [0x0016093C]
(No symbol) [0x0015A536]
(No symbol) [0x001382DC]
(No symbol) [0x001393DD]
GetHandleVerifier [0x004DAABD+2539405]
GetHandleVerifier [0x0051A78F+2800735]
GetHandleVerifier [0x0051456C+2775612]
GetHandleVerifier [0x003051E0+616112]
(No symbol) [0x00215F8C]
(No symbol) [0x00212328]
(No symbol) [0x0021240B]
(No symbol) [0x00204FF7]
BaseThreadInitThunk [0x76346839+25]
RtlGetFullPathName_UEx [0x76F28F0F+1215]
RtlGetFullPathName_UEx [0x76F28EDD+1165]
(No symbol) [0x00000000]

at org.openqa.selenium.remote.W3CHandshakeResponse.lambda$errorHandler$0(W3CHandshakeResponse.java:62)
at org.openqa.selenium.remote.HandshakeResponse.lambda$getResponseFunction$0(HandshakeResponse.java:30)
at org.openqa.selenium.remote.ProtocolHandshake.lambda$createSession$0(ProtocolHandshake.java:126)
at java.base/java.util.stream.ReferencePipeline$3$1.accept(ReferencePipeline.java:195)
at java.base/java.util.Spliterators$ArraySpliterator.tryAdvance(Spliterators.java:958)
at java.base/java.util.stream.ReferencePipeline.forEachWithCancel(ReferencePipeline.java:127)
at java.base/java.util.stream.AbstractPipeline.copyIntoWithCancel(AbstractPipeline.java:502)
at java.base/java.util.stream.AbstractPipeline.copyInto(AbstractPipeline.java:488)
at java.base/java.util.stream.AbstractPipeline.wrapAndCopyInto(AbstractPipeline.java:474)
at java.base/java.util.stream.FindOps$FindOp.evaluateSequential(FindOps.java:150)
at java.base/java.util.stream.AbstractPipeline.evaluate(AbstractPipeline.java:234)
at java.base/java.util.stream.ReferencePipeline.findFirst(ReferencePipeline.java:543)
at org.openqa.selenium.remote.ProtocolHandshake.createSession(ProtocolHandshake.java:128)
at org.openqa.selenium.remote.ProtocolHandshake.createSession(ProtocolHandshake.java:74)
at org.openqa.selenium.remote.HttpCommandExecutor.execute(HttpCommandExecutor.java:136)
at org.openqa.selenium.remote.service.DriverCommandExecutor.execute(DriverCommandExecutor.java:83)
at org.openqa.selenium.remote.RemoteWebDriver.execute(RemoteWebDriver.java:552)
at org.openqa.selenium.remote.RemoteWebDriver.startSession(RemoteWebDriver.java:213)
at org.openqa.selenium.remote.RemoteWebDriver.<init>(RemoteWebDriver.java:131)
at org.openqa.selenium.chrome.ChromeDriver.<init>(ChromeDriver.java:181)
at org.openqa.selenium.chrome.ChromeDriver.<init>(ChromeDriver.java:168)
at org.openqa.selenium.chrome.ChromeDriver.<init>(ChromeDriver.java:123)
at com.Sms.GenericUtility.BaseClass.config_BC(BaseClass.java:44)
at java.base/java.util.ArrayList.forEach(ArrayList.java:1541)
at java.base/java.util.concurrent.FutureTask.run(FutureTask.java:264)
at java.base/java.util.concurrent.ThreadPoolExecutor.runWorker(ThreadPoolExecutor.java:1128)
at java.base/java.util.concurrent.ThreadPoolExecutor$Worker.run(ThreadPoolExecutor.java:628)
at java.base/java.lang.Thread.run(Thread.java:834)
... Removed 20 stack frames]]>
    </failure>
  </testcase> <!-- @BeforeClass config_BC -->
  <testcase classname="com.Sms.GenericUtility.BaseClass" name="@AfterClass config_AC" time="0.0">
    <failure type="java.lang.NullPointerException">
      <![CDATA[java.lang.NullPointerException
at com.Sms.GenericUtility.BaseClass.config_AC(BaseClass.java:78)
at java.base/java.util.ArrayList.forEach(ArrayList.java:1541)
at java.base/java.util.concurrent.FutureTask.run(FutureTask.java:264)
at java.base/java.util.concurrent.ThreadPoolExecutor.runWorker(ThreadPoolExecutor.java:1128)
at java.base/java.util.concurrent.ThreadPoolExecutor$Worker.run(ThreadPoolExecutor.java:628)
at java.base/java.lang.Thread.run(Thread.java:834)
... Removed 16 stack frames]]>
    </failure>
  </testcase> <!-- @AfterClass config_AC -->
  <testcase classname="TestNgPractice.Parent_testcase_01" name="delete" time="0.0">
    <skipped/>
  </testcase> <!-- delete -->
  <testcase classname="TestNgPractice.Parent_testcase_01" name="rename" time="0.0">
    <skipped/>
  </testcase> <!-- rename -->
  <testcase classname="TestNgPractice.Parent_testcase_01" name="update" time="0.0">
    <skipped/>
  </testcase> <!-- update -->
  <testcase classname="TestNgPractice.Parent_testcase_2" name="create" time="0.0">
    <skipped/>
  </testcase> <!-- create -->
  <testcase classname="TestNgPractice.Parent_testcase_2" name="edit" time="0.0">
    <skipped/>
  </testcase> <!-- edit -->
  <testcase classname="com.Sms.GenericUtility.BaseClass" name="@AfterSuite config_AS" time="0.0">
    <ignored/>
  </testcase> <!-- @AfterSuite config_AS -->
  <testcase classname="com.Sms.GenericUtility.BaseClass" name="@BeforeSuite config_BS" time="0.0">
    <ignored/>
  </testcase> <!-- @BeforeSuite config_BS -->
</testsuite> <!-- TestRunner-1 -->
